[2021-04-04 22:08:05,031] DEBUG preRegister called. Server=com.sun.jmx.mbeanserver.JmxMBeanServer@555590, name=log4j:logger=kafka.controller (kafka.controller)
[2021-04-04 22:08:11,199] INFO [ControllerEventThread controllerId=0] Starting (kafka.controller.ControllerEventManager$ControllerEventThread)
[2021-04-04 22:08:11,222] INFO [Controller id=0] 0 successfully elected as the controller. Epoch incremented to 1 and epoch zk version is now 1 (kafka.controller.KafkaController)
[2021-04-04 22:08:11,230] INFO [Controller id=0] Creating FeatureZNode at path: /feature with contents: FeatureZNode(Enabled,Features{}) (kafka.controller.KafkaController)
[2021-04-04 22:08:11,268] INFO [Controller id=0] Registering handlers (kafka.controller.KafkaController)
[2021-04-04 22:08:11,271] INFO [Controller id=0] Deleting log dir event notifications (kafka.controller.KafkaController)
[2021-04-04 22:08:11,273] INFO [Controller id=0] Deleting isr change notifications (kafka.controller.KafkaController)
[2021-04-04 22:08:11,275] INFO [Controller id=0] Initializing controller context (kafka.controller.KafkaController)
[2021-04-04 22:08:11,285] INFO [Controller id=0] Initialized broker epochs cache: HashMap(0 -> 24) (kafka.controller.KafkaController)
[2021-04-04 22:08:11,288] DEBUG [Controller id=0] Register BrokerModifications handler for Set(0) (kafka.controller.KafkaController)
[2021-04-04 22:08:11,293] DEBUG [Channel manager on controller 0]: Controller 0 trying to connect to broker 0 (kafka.controller.ControllerChannelManager)
[2021-04-04 22:08:11,301] INFO [RequestSendThread controllerId=0] Starting (kafka.controller.RequestSendThread)
[2021-04-04 22:08:11,304] INFO [Controller id=0] Currently active brokers in the cluster: Set(0) (kafka.controller.KafkaController)
[2021-04-04 22:08:11,304] INFO [Controller id=0] Currently shutting brokers in the cluster: HashSet() (kafka.controller.KafkaController)
[2021-04-04 22:08:11,304] INFO [Controller id=0] Current list of topics in the cluster: HashSet() (kafka.controller.KafkaController)
[2021-04-04 22:08:11,305] INFO [Controller id=0] Fetching topic deletions in progress (kafka.controller.KafkaController)
[2021-04-04 22:08:11,307] INFO [Controller id=0] List of topics to be deleted:  (kafka.controller.KafkaController)
[2021-04-04 22:08:11,308] INFO [Controller id=0] List of topics ineligible for deletion:  (kafka.controller.KafkaController)
[2021-04-04 22:08:11,308] INFO [Controller id=0] Initializing topic deletion manager (kafka.controller.KafkaController)
[2021-04-04 22:08:11,309] INFO [Topic Deletion Manager 0] Initializing manager with initial deletions: Set(), initial ineligible deletions: HashSet() (kafka.controller.TopicDeletionManager)
[2021-04-04 22:08:11,310] INFO [Controller id=0] Sending update metadata request (kafka.controller.KafkaController)
[2021-04-04 22:08:11,321] INFO [ReplicaStateMachine controllerId=0] Initializing replica state (kafka.controller.ZkReplicaStateMachine)
[2021-04-04 22:08:11,322] INFO [ReplicaStateMachine controllerId=0] Triggering online replica state changes (kafka.controller.ZkReplicaStateMachine)
[2021-04-04 22:08:11,325] INFO [ReplicaStateMachine controllerId=0] Triggering offline replica state changes (kafka.controller.ZkReplicaStateMachine)
[2021-04-04 22:08:11,326] DEBUG [ReplicaStateMachine controllerId=0] Started replica state machine with initial state -> HashMap() (kafka.controller.ZkReplicaStateMachine)
[2021-04-04 22:08:11,326] INFO [PartitionStateMachine controllerId=0] Initializing partition state (kafka.controller.ZkPartitionStateMachine)
[2021-04-04 22:08:11,326] INFO [PartitionStateMachine controllerId=0] Triggering online partition state changes (kafka.controller.ZkPartitionStateMachine)
[2021-04-04 22:08:11,333] DEBUG [PartitionStateMachine controllerId=0] Started partition state machine with initial state -> HashMap() (kafka.controller.ZkPartitionStateMachine)
[2021-04-04 22:08:11,333] INFO [Controller id=0] Ready to serve as the new controller with epoch 1 (kafka.controller.KafkaController)
[2021-04-04 22:08:11,337] INFO [Controller id=0] Partitions undergoing preferred replica election:  (kafka.controller.KafkaController)
[2021-04-04 22:08:11,338] INFO [Controller id=0] Partitions that completed preferred replica election:  (kafka.controller.KafkaController)
[2021-04-04 22:08:11,338] INFO [RequestSendThread controllerId=0] Controller 0 connected to localhost:9092 (id: 0 rack: null) for sending state change requests (kafka.controller.RequestSendThread)
[2021-04-04 22:08:11,338] INFO [Controller id=0] Skipping preferred replica election for partitions due to topic deletion:  (kafka.controller.KafkaController)
[2021-04-04 22:08:11,338] INFO [Controller id=0] Resuming preferred replica election for partitions:  (kafka.controller.KafkaController)
[2021-04-04 22:08:11,339] INFO [Controller id=0] Starting replica leader election (PREFERRED) for partitions  triggered by ZkTriggered (kafka.controller.KafkaController)
[2021-04-04 22:08:11,349] INFO [Controller id=0] Starting the controller scheduler (kafka.controller.KafkaController)
[2021-04-04 22:08:16,350] INFO [Controller id=0] Processing automatic preferred replica leader election (kafka.controller.KafkaController)
[2021-04-04 22:08:16,351] TRACE [Controller id=0] Checking need to trigger auto leader balancing (kafka.controller.KafkaController)
[2021-04-04 22:12:49,237] INFO [Controller id=0] Shutting down broker 0 (kafka.controller.KafkaController)
[2021-04-04 22:12:49,237] DEBUG [Controller id=0] All shutting down brokers: 0 (kafka.controller.KafkaController)
[2021-04-04 22:12:49,238] DEBUG [Controller id=0] Live brokers:  (kafka.controller.KafkaController)
[2021-04-04 22:12:49,242] TRACE [Controller id=0] All leaders =  (kafka.controller.KafkaController)
[2021-04-04 22:12:50,573] INFO [ControllerEventThread controllerId=0] Shutting down (kafka.controller.ControllerEventManager$ControllerEventThread)
[2021-04-04 22:12:50,575] INFO [ControllerEventThread controllerId=0] Shutdown completed (kafka.controller.ControllerEventManager$ControllerEventThread)
[2021-04-04 22:12:50,575] INFO [ControllerEventThread controllerId=0] Stopped (kafka.controller.ControllerEventManager$ControllerEventThread)
[2021-04-04 22:12:50,577] DEBUG [Controller id=0] Resigning (kafka.controller.KafkaController)
[2021-04-04 22:12:50,578] DEBUG [Controller id=0] Unregister BrokerModifications handler for Set(0) (kafka.controller.KafkaController)
[2021-04-04 22:12:50,583] INFO [PartitionStateMachine controllerId=0] Stopped partition state machine (kafka.controller.ZkPartitionStateMachine)
[2021-04-04 22:12:50,585] INFO [ReplicaStateMachine controllerId=0] Stopped replica state machine (kafka.controller.ZkReplicaStateMachine)
[2021-04-04 22:12:50,586] INFO [RequestSendThread controllerId=0] Shutting down (kafka.controller.RequestSendThread)
[2021-04-04 22:12:50,586] INFO [RequestSendThread controllerId=0] Shutdown completed (kafka.controller.RequestSendThread)
[2021-04-04 22:12:50,586] INFO [RequestSendThread controllerId=0] Stopped (kafka.controller.RequestSendThread)
[2021-04-04 22:12:50,594] INFO [Controller id=0] Resigned (kafka.controller.KafkaController)
