[2021-04-04 22:08:05,003] INFO Reading configuration from: config/zookeeper.properties (org.apache.zookeeper.server.quorum.QuorumPeerConfig)
[2021-04-04 22:08:05,006] WARN config/zookeeper.properties is relative. Prepend ./ to indicate that you're sure! (org.apache.zookeeper.server.quorum.QuorumPeerConfig)
[2021-04-04 22:08:05,011] INFO clientPortAddress is 0.0.0.0:2181 (org.apache.zookeeper.server.quorum.QuorumPeerConfig)
[2021-04-04 22:08:05,012] INFO secureClientPort is not set (org.apache.zookeeper.server.quorum.QuorumPeerConfig)
[2021-04-04 22:08:05,017] INFO autopurge.snapRetainCount set to 3 (org.apache.zookeeper.server.DatadirCleanupManager)
[2021-04-04 22:08:05,017] INFO autopurge.purgeInterval set to 0 (org.apache.zookeeper.server.DatadirCleanupManager)
[2021-04-04 22:08:05,017] INFO Purge task is not scheduled. (org.apache.zookeeper.server.DatadirCleanupManager)
[2021-04-04 22:08:05,017] WARN Either no config or no quorum defined in config, running  in standalone mode (org.apache.zookeeper.server.quorum.QuorumPeerMain)
[2021-04-04 22:08:05,022] INFO Log4j 1.2 jmx support found and enabled. (org.apache.zookeeper.jmx.ManagedUtil)
[2021-04-04 22:08:05,035] INFO Reading configuration from: config/zookeeper.properties (org.apache.zookeeper.server.quorum.QuorumPeerConfig)
[2021-04-04 22:08:05,035] WARN config/zookeeper.properties is relative. Prepend ./ to indicate that you're sure! (org.apache.zookeeper.server.quorum.QuorumPeerConfig)
[2021-04-04 22:08:05,035] INFO clientPortAddress is 0.0.0.0:2181 (org.apache.zookeeper.server.quorum.QuorumPeerConfig)
[2021-04-04 22:08:05,035] INFO secureClientPort is not set (org.apache.zookeeper.server.quorum.QuorumPeerConfig)
[2021-04-04 22:08:05,035] INFO Starting server (org.apache.zookeeper.server.ZooKeeperServerMain)
[2021-04-04 22:08:05,038] INFO zookeeper.snapshot.trust.empty : false (org.apache.zookeeper.server.persistence.FileTxnSnapLog)
[2021-04-04 22:08:05,049] INFO Server environment:zookeeper.version=3.5.8-f439ca583e70862c3068a1f2a7d4d068eec33315, built on 05/04/2020 15:53 GMT (org.apache.zookeeper.server.ZooKeeperServer)
[2021-04-04 22:08:05,049] INFO Server environment:host.name=ohanna (org.apache.zookeeper.server.ZooKeeperServer)
[2021-04-04 22:08:05,049] INFO Server environment:java.version=14.0.2 (org.apache.zookeeper.server.ZooKeeperServer)
[2021-04-04 22:08:05,049] INFO Server environment:java.vendor=Oracle Corporation (org.apache.zookeeper.server.ZooKeeperServer)
[2021-04-04 22:08:05,049] INFO Server environment:java.home=/usr/lib/jvm/java-14-oracle (org.apache.zookeeper.server.ZooKeeperServer)
[2021-04-04 22:08:05,049] INFO Server environment:java.class.path=/home/zcruz/Documents/IIITH_Assignments/IIITH/Sem2/IAS/Hackathon/hackathon2/kafka_2.13-2.7.0/bin/../libs/activation-1.1.1.jar:/home/zcruz/Documents/IIITH_Assignments/IIITH/Sem2/IAS/Hackathon/hackathon2/kafka_2.13-2.7.0/bin/../libs/aopalliance-repackaged-2.6.1.jar:/home/zcruz/Documents/IIITH_Assignments/IIITH/Sem2/IAS/Hackathon/hackathon2/kafka_2.13-2.7.0/bin/../libs/argparse4j-0.7.0.jar:/home/zcruz/Documents/IIITH_Assignments/IIITH/Sem2/IAS/Hackathon/hackathon2/kafka_2.13-2.7.0/bin/../libs/audience-annotations-0.5.0.jar:/home/zcruz/Documents/IIITH_Assignments/IIITH/Sem2/IAS/Hackathon/hackathon2/kafka_2.13-2.7.0/bin/../libs/commons-cli-1.4.jar:/home/zcruz/Documents/IIITH_Assignments/IIITH/Sem2/IAS/Hackathon/hackathon2/kafka_2.13-2.7.0/bin/../libs/commons-lang3-3.8.1.jar:/home/zcruz/Documents/IIITH_Assignments/IIITH/Sem2/IAS/Hackathon/hackathon2/kafka_2.13-2.7.0/bin/../libs/connect-api-2.7.0.jar:/home/zcruz/Documents/IIITH_Assignments/IIITH/Sem2/IAS/Hackathon/hackathon2/kafka_2.13-2.7.0/bin/../libs/connect-basic-auth-extension-2.7.0.jar:/home/zcruz/Documents/IIITH_Assignments/IIITH/Sem2/IAS/Hackathon/hackathon2/kafka_2.13-2.7.0/bin/../libs/connect-file-2.7.0.jar:/home/zcruz/Documents/IIITH_Assignments/IIITH/Sem2/IAS/Hackathon/hackathon2/kafka_2.13-2.7.0/bin/../libs/connect-json-2.7.0.jar:/home/zcruz/Documents/IIITH_Assignments/IIITH/Sem2/IAS/Hackathon/hackathon2/kafka_2.13-2.7.0/bin/../libs/connect-mirror-2.7.0.jar:/home/zcruz/Documents/IIITH_Assignments/IIITH/Sem2/IAS/Hackathon/hackathon2/kafka_2.13-2.7.0/bin/../libs/connect-mirror-client-2.7.0.jar:/home/zcruz/Documents/IIITH_Assignments/IIITH/Sem2/IAS/Hackathon/hackathon2/kafka_2.13-2.7.0/bin/../libs/connect-runtime-2.7.0.jar:/home/zcruz/Documents/IIITH_Assignments/IIITH/Sem2/IAS/Hackathon/hackathon2/kafka_2.13-2.7.0/bin/../libs/connect-transforms-2.7.0.jar:/home/zcruz/Documents/IIITH_Assignments/IIITH/Sem2/IAS/Hackathon/hackathon2/kafka_2.13-2.7.0/bin/../libs/hk2-api-2.6.1.jar:/home/zcruz/Documents/IIITH_Assignments/IIITH/Sem2/IAS/Hackathon/hackathon2/kafka_2.13-2.7.0/bin/../libs/hk2-locator-2.6.1.jar:/home/zcruz/Documents/IIITH_Assignments/IIITH/Sem2/IAS/Hackathon/hackathon2/kafka_2.13-2.7.0/bin/../libs/hk2-utils-2.6.1.jar:/home/zcruz/Documents/IIITH_Assignments/IIITH/Sem2/IAS/Hackathon/hackathon2/kafka_2.13-2.7.0/bin/../libs/jackson-annotations-2.10.5.jar:/home/zcruz/Documents/IIITH_Assignments/IIITH/Sem2/IAS/Hackathon/hackathon2/kafka_2.13-2.7.0/bin/../libs/jackson-core-2.10.5.jar:/home/zcruz/Documents/IIITH_Assignments/IIITH/Sem2/IAS/Hackathon/hackathon2/kafka_2.13-2.7.0/bin/../libs/jackson-databind-2.10.5.1.jar:/home/zcruz/Documents/IIITH_Assignments/IIITH/Sem2/IAS/Hackathon/hackathon2/kafka_2.13-2.7.0/bin/../libs/jackson-dataformat-csv-2.10.5.jar:/home/zcruz/Documents/IIITH_Assignments/IIITH/Sem2/IAS/Hackathon/hackathon2/kafka_2.13-2.7.0/bin/../libs/jackson-datatype-jdk8-2.10.5.jar:/home/zcruz/Documents/IIITH_Assignments/IIITH/Sem2/IAS/Hackathon/hackathon2/kafka_2.13-2.7.0/bin/../libs/jackson-jaxrs-base-2.10.5.jar:/home/zcruz/Documents/IIITH_Assignments/IIITH/Sem2/IAS/Hackathon/hackathon2/kafka_2.13-2.7.0/bin/../libs/jackson-jaxrs-json-provider-2.10.5.jar:/home/zcruz/Documents/IIITH_Assignments/IIITH/Sem2/IAS/Hackathon/hackathon2/kafka_2.13-2.7.0/bin/../libs/jackson-module-jaxb-annotations-2.10.5.jar:/home/zcruz/Documents/IIITH_Assignments/IIITH/Sem2/IAS/Hackathon/hackathon2/kafka_2.13-2.7.0/bin/../libs/jackson-module-paranamer-2.10.5.jar:/home/zcruz/Documents/IIITH_Assignments/IIITH/Sem2/IAS/Hackathon/hackathon2/kafka_2.13-2.7.0/bin/../libs/jackson-module-scala_2.13-2.10.5.jar:/home/zcruz/Documents/IIITH_Assignments/IIITH/Sem2/IAS/Hackathon/hackathon2/kafka_2.13-2.7.0/bin/../libs/jakarta.activation-api-1.2.1.jar:/home/zcruz/Documents/IIITH_Assignments/IIITH/Sem2/IAS/Hackathon/hackathon2/kafka_2.13-2.7.0/bin/../libs/jakarta.annotation-api-1.3.5.jar:/home/zcruz/Documents/IIITH_Assignments/IIITH/Sem2/IAS/Hackathon/hackathon2/kafka_2.13-2.7.0/bin/../libs/jakarta.inject-2.6.1.jar:/home/zcruz/Documents/IIITH_Assignments/IIITH/Sem2/IAS/Hackathon/hackathon2/kafka_2.13-2.7.0/bin/../libs/jakarta.validation-api-2.0.2.jar:/home/zcruz/Documents/IIITH_Assignments/IIITH/Sem2/IAS/Hackathon/hackathon2/kafka_2.13-2.7.0/bin/../libs/jakarta.ws.rs-api-2.1.6.jar:/home/zcruz/Documents/IIITH_Assignments/IIITH/Sem2/IAS/Hackathon/hackathon2/kafka_2.13-2.7.0/bin/../libs/jakarta.xml.bind-api-2.3.2.jar:/home/zcruz/Documents/IIITH_Assignments/IIITH/Sem2/IAS/Hackathon/hackathon2/kafka_2.13-2.7.0/bin/../libs/javassist-3.25.0-GA.jar:/home/zcruz/Documents/IIITH_Assignments/IIITH/Sem2/IAS/Hackathon/hackathon2/kafka_2.13-2.7.0/bin/../libs/javassist-3.26.0-GA.jar:/home/zcruz/Documents/IIITH_Assignments/IIITH/Sem2/IAS/Hackathon/hackathon2/kafka_2.13-2.7.0/bin/../libs/javax.servlet-api-3.1.0.jar:/home/zcruz/Documents/IIITH_Assignments/IIITH/Sem2/IAS/Hackathon/hackathon2/kafka_2.13-2.7.0/bin/../libs/javax.ws.rs-api-2.1.1.jar:/home/zcruz/Documents/IIITH_Assignments/IIITH/Sem2/IAS/Hackathon/hackathon2/kafka_2.13-2.7.0/bin/../libs/jaxb-api-2.3.0.jar:/home/zcruz/Documents/IIITH_Assignments/IIITH/Sem2/IAS/Hackathon/hackathon2/kafka_2.13-2.7.0/bin/../libs/jersey-client-2.31.jar:/home/zcruz/Documents/IIITH_Assignments/IIITH/Sem2/IAS/Hackathon/hackathon2/kafka_2.13-2.7.0/bin/../libs/jersey-common-2.31.jar:/home/zcruz/Documents/IIITH_Assignments/IIITH/Sem2/IAS/Hackathon/hackathon2/kafka_2.13-2.7.0/bin/../libs/jersey-container-servlet-2.31.jar:/home/zcruz/Documents/IIITH_Assignments/IIITH/Sem2/IAS/Hackathon/hackathon2/kafka_2.13-2.7.0/bin/../libs/jersey-container-servlet-core-2.31.jar:/home/zcruz/Documents/IIITH_Assignments/IIITH/Sem2/IAS/Hackathon/hackathon2/kafka_2.13-2.7.0/bin/../libs/jersey-hk2-2.31.jar:/home/zcruz/Documents/IIITH_Assignments/IIITH/Sem2/IAS/Hackathon/hackathon2/kafka_2.13-2.7.0/bin/../libs/jersey-media-jaxb-2.31.jar:/home/zcruz/Documents/IIITH_Assignments/IIITH/Sem2/IAS/Hackathon/hackathon2/kafka_2.13-2.7.0/bin/../libs/jersey-server-2.31.jar:/home/zcruz/Documents/IIITH_Assignments/IIITH/Sem2/IAS/Hackathon/hackathon2/kafka_2.13-2.7.0/bin/../libs/jetty-client-9.4.33.v20201020.jar:/home/zcruz/Documents/IIITH_Assignments/IIITH/Sem2/IAS/Hackathon/hackathon2/kafka_2.13-2.7.0/bin/../libs/jetty-continuation-9.4.33.v20201020.jar:/home/zcruz/Documents/IIITH_Assignments/IIITH/Sem2/IAS/Hackathon/hackathon2/kafka_2.13-2.7.0/bin/../libs/jetty-http-9.4.33.v20201020.jar:/home/zcruz/Documents/IIITH_Assignments/IIITH/Sem2/IAS/Hackathon/hackathon2/kafka_2.13-2.7.0/bin/../libs/jetty-io-9.4.33.v20201020.jar:/home/zcruz/Documents/IIITH_Assignments/IIITH/Sem2/IAS/Hackathon/hackathon2/kafka_2.13-2.7.0/bin/../libs/jetty-security-9.4.33.v20201020.jar:/home/zcruz/Documents/IIITH_Assignments/IIITH/Sem2/IAS/Hackathon/hackathon2/kafka_2.13-2.7.0/bin/../libs/jetty-server-9.4.33.v20201020.jar:/home/zcruz/Documents/IIITH_Assignments/IIITH/Sem2/IAS/Hackathon/hackathon2/kafka_2.13-2.7.0/bin/../libs/jetty-servlet-9.4.33.v20201020.jar:/home/zcruz/Documents/IIITH_Assignments/IIITH/Sem2/IAS/Hackathon/hackathon2/kafka_2.13-2.7.0/bin/../libs/jetty-servlets-9.4.33.v20201020.jar:/home/zcruz/Documents/IIITH_Assignments/IIITH/Sem2/IAS/Hackathon/hackathon2/kafka_2.13-2.7.0/bin/../libs/jetty-util-9.4.33.v20201020.jar:/home/zcruz/Documents/IIITH_Assignments/IIITH/Sem2/IAS/Hackathon/hackathon2/kafka_2.13-2.7.0/bin/../libs/jopt-simple-5.0.4.jar:/home/zcruz/Documents/IIITH_Assignments/IIITH/Sem2/IAS/Hackathon/hackathon2/kafka_2.13-2.7.0/bin/../libs/kafka_2.13-2.7.0.jar:/home/zcruz/Documents/IIITH_Assignments/IIITH/Sem2/IAS/Hackathon/hackathon2/kafka_2.13-2.7.0/bin/../libs/kafka_2.13-2.7.0-sources.jar:/home/zcruz/Documents/IIITH_Assignments/IIITH/Sem2/IAS/Hackathon/hackathon2/kafka_2.13-2.7.0/bin/../libs/kafka-clients-2.7.0.jar:/home/zcruz/Documents/IIITH_Assignments/IIITH/Sem2/IAS/Hackathon/hackathon2/kafka_2.13-2.7.0/bin/../libs/kafka-log4j-appender-2.7.0.jar:/home/zcruz/Documents/IIITH_Assignments/IIITH/Sem2/IAS/Hackathon/hackathon2/kafka_2.13-2.7.0/bin/../libs/kafka-raft-2.7.0.jar:/home/zcruz/Documents/IIITH_Assignments/IIITH/Sem2/IAS/Hackathon/hackathon2/kafka_2.13-2.7.0/bin/../libs/kafka-streams-2.7.0.jar:/home/zcruz/Documents/IIITH_Assignments/IIITH/Sem2/IAS/Hackathon/hackathon2/kafka_2.13-2.7.0/bin/../libs/kafka-streams-examples-2.7.0.jar:/home/zcruz/Documents/IIITH_Assignments/IIITH/Sem2/IAS/Hackathon/hackathon2/kafka_2.13-2.7.0/bin/../libs/kafka-streams-scala_2.13-2.7.0.jar:/home/zcruz/Documents/IIITH_Assignments/IIITH/Sem2/IAS/Hackathon/hackathon2/kafka_2.13-2.7.0/bin/../libs/kafka-streams-test-utils-2.7.0.jar:/home/zcruz/Documents/IIITH_Assignments/IIITH/Sem2/IAS/Hackathon/hackathon2/kafka_2.13-2.7.0/bin/../libs/kafka-tools-2.7.0.jar:/home/zcruz/Documents/IIITH_Assignments/IIITH/Sem2/IAS/Hackathon/hackathon2/kafka_2.13-2.7.0/bin/../libs/log4j-1.2.17.jar:/home/zcruz/Documents/IIITH_Assignments/IIITH/Sem2/IAS/Hackathon/hackathon2/kafka_2.13-2.7.0/bin/../libs/lz4-java-1.7.1.jar:/home/zcruz/Documents/IIITH_Assignments/IIITH/Sem2/IAS/Hackathon/hackathon2/kafka_2.13-2.7.0/bin/../libs/maven-artifact-3.6.3.jar:/home/zcruz/Documents/IIITH_Assignments/IIITH/Sem2/IAS/Hackathon/hackathon2/kafka_2.13-2.7.0/bin/../libs/metrics-core-2.2.0.jar:/home/zcruz/Documents/IIITH_Assignments/IIITH/Sem2/IAS/Hackathon/hackathon2/kafka_2.13-2.7.0/bin/../libs/netty-buffer-4.1.51.Final.jar:/home/zcruz/Documents/IIITH_Assignments/IIITH/Sem2/IAS/Hackathon/hackathon2/kafka_2.13-2.7.0/bin/../libs/netty-codec-4.1.51.Final.jar:/home/zcruz/Documents/IIITH_Assignments/IIITH/Sem2/IAS/Hackathon/hackathon2/kafka_2.13-2.7.0/bin/../libs/netty-common-4.1.51.Final.jar:/home/zcruz/Documents/IIITH_Assignments/IIITH/Sem2/IAS/Hackathon/hackathon2/kafka_2.13-2.7.0/bin/../libs/netty-handler-4.1.51.Final.jar:/home/zcruz/Documents/IIITH_Assignments/IIITH/Sem2/IAS/Hackathon/hackathon2/kafka_2.13-2.7.0/bin/../libs/netty-resolver-4.1.51.Final.jar:/home/zcruz/Documents/IIITH_Assignments/IIITH/Sem2/IAS/Hackathon/hackathon2/kafka_2.13-2.7.0/bin/../libs/netty-transport-4.1.51.Final.jar:/home/zcruz/Documents/IIITH_Assignments/IIITH/Sem2/IAS/Hackathon/hackathon2/kafka_2.13-2.7.0/bin/../libs/netty-transport-native-epoll-4.1.51.Final.jar:/home/zcruz/Documents/IIITH_Assignments/IIITH/Sem2/IAS/Hackathon/hackathon2/kafka_2.13-2.7.0/bin/../libs/netty-transport-native-unix-common-4.1.51.Final.jar:/home/zcruz/Documents/IIITH_Assignments/IIITH/Sem2/IAS/Hackathon/hackathon2/kafka_2.13-2.7.0/bin/../libs/osgi-resource-locator-1.0.3.jar:/home/zcruz/Documents/IIITH_Assignments/IIITH/Sem2/IAS/Hackathon/hackathon2/kafka_2.13-2.7.0/bin/../libs/paranamer-2.8.jar:/home/zcruz/Documents/IIITH_Assignments/IIITH/Sem2/IAS/Hackathon/hackathon2/kafka_2.13-2.7.0/bin/../libs/plexus-utils-3.2.1.jar:/home/zcruz/Documents/IIITH_Assignments/IIITH/Sem2/IAS/Hackathon/hackathon2/kafka_2.13-2.7.0/bin/../libs/reflections-0.9.12.jar:/home/zcruz/Documents/IIITH_Assignments/IIITH/Sem2/IAS/Hackathon/hackathon2/kafka_2.13-2.7.0/bin/../libs/rocksdbjni-5.18.4.jar:/home/zcruz/Documents/IIITH_Assignments/IIITH/Sem2/IAS/Hackathon/hackathon2/kafka_2.13-2.7.0/bin/../libs/scala-collection-compat_2.13-2.2.0.jar:/home/zcruz/Documents/IIITH_Assignments/IIITH/Sem2/IAS/Hackathon/hackathon2/kafka_2.13-2.7.0/bin/../libs/scala-java8-compat_2.13-0.9.1.jar:/home/zcruz/Documents/IIITH_Assignments/IIITH/Sem2/IAS/Hackathon/hackathon2/kafka_2.13-2.7.0/bin/../libs/scala-library-2.13.3.jar:/home/zcruz/Documents/IIITH_Assignments/IIITH/Sem2/IAS/Hackathon/hackathon2/kafka_2.13-2.7.0/bin/../libs/scala-logging_2.13-3.9.2.jar:/home/zcruz/Documents/IIITH_Assignments/IIITH/Sem2/IAS/Hackathon/hackathon2/kafka_2.13-2.7.0/bin/../libs/scala-reflect-2.13.3.jar:/home/zcruz/Documents/IIITH_Assignments/IIITH/Sem2/IAS/Hackathon/hackathon2/kafka_2.13-2.7.0/bin/../libs/slf4j-api-1.7.30.jar:/home/zcruz/Documents/IIITH_Assignments/IIITH/Sem2/IAS/Hackathon/hackathon2/kafka_2.13-2.7.0/bin/../libs/slf4j-log4j12-1.7.30.jar:/home/zcruz/Documents/IIITH_Assignments/IIITH/Sem2/IAS/Hackathon/hackathon2/kafka_2.13-2.7.0/bin/../libs/snappy-java-1.1.7.7.jar:/home/zcruz/Documents/IIITH_Assignments/IIITH/Sem2/IAS/Hackathon/hackathon2/kafka_2.13-2.7.0/bin/../libs/zookeeper-3.5.8.jar:/home/zcruz/Documents/IIITH_Assignments/IIITH/Sem2/IAS/Hackathon/hackathon2/kafka_2.13-2.7.0/bin/../libs/zookeeper-jute-3.5.8.jar:/home/zcruz/Documents/IIITH_Assignments/IIITH/Sem2/IAS/Hackathon/hackathon2/kafka_2.13-2.7.0/bin/../libs/zstd-jni-1.4.5-6.jar (org.apache.zookeeper.server.ZooKeeperServer)
[2021-04-04 22:08:05,051] INFO Server environment:java.library.path=/usr/java/packages/lib:/usr/lib64:/lib64:/lib:/usr/lib (org.apache.zookeeper.server.ZooKeeperServer)
[2021-04-04 22:08:05,051] INFO Server environment:java.io.tmpdir=/tmp (org.apache.zookeeper.server.ZooKeeperServer)
[2021-04-04 22:08:05,051] INFO Server environment:java.compiler=<NA> (org.apache.zookeeper.server.ZooKeeperServer)
[2021-04-04 22:08:05,051] INFO Server environment:os.name=Linux (org.apache.zookeeper.server.ZooKeeperServer)
[2021-04-04 22:08:05,051] INFO Server environment:os.arch=amd64 (org.apache.zookeeper.server.ZooKeeperServer)
[2021-04-04 22:08:05,051] INFO Server environment:os.version=5.8.0-48-generic (org.apache.zookeeper.server.ZooKeeperServer)
[2021-04-04 22:08:05,051] INFO Server environment:user.name=zcruz (org.apache.zookeeper.server.ZooKeeperServer)
[2021-04-04 22:08:05,051] INFO Server environment:user.home=/home/zcruz (org.apache.zookeeper.server.ZooKeeperServer)
[2021-04-04 22:08:05,051] INFO Server environment:user.dir=/home/zcruz/Documents/IIITH_Assignments/IIITH/Sem2/IAS/Hackathon/hackathon2/kafka_2.13-2.7.0 (org.apache.zookeeper.server.ZooKeeperServer)
[2021-04-04 22:08:05,051] INFO Server environment:os.memory.free=494MB (org.apache.zookeeper.server.ZooKeeperServer)
[2021-04-04 22:08:05,051] INFO Server environment:os.memory.max=512MB (org.apache.zookeeper.server.ZooKeeperServer)
[2021-04-04 22:08:05,052] INFO Server environment:os.memory.total=512MB (org.apache.zookeeper.server.ZooKeeperServer)
[2021-04-04 22:08:05,054] INFO minSessionTimeout set to 6000 (org.apache.zookeeper.server.ZooKeeperServer)
[2021-04-04 22:08:05,054] INFO maxSessionTimeout set to 60000 (org.apache.zookeeper.server.ZooKeeperServer)
[2021-04-04 22:08:05,055] INFO Created server with tickTime 3000 minSessionTimeout 6000 maxSessionTimeout 60000 datadir /tmp/zookeeper/version-2 snapdir /tmp/zookeeper/version-2 (org.apache.zookeeper.server.ZooKeeperServer)
[2021-04-04 22:08:05,066] INFO Using org.apache.zookeeper.server.NIOServerCnxnFactory as server connection factory (org.apache.zookeeper.server.ServerCnxnFactory)
[2021-04-04 22:08:05,070] INFO Configuring NIO connection handler with 10s sessionless connection timeout, 2 selector thread(s), 16 worker threads, and 64 kB direct buffers. (org.apache.zookeeper.server.NIOServerCnxnFactory)
[2021-04-04 22:08:05,073] INFO binding to port 0.0.0.0/0.0.0.0:2181 (org.apache.zookeeper.server.NIOServerCnxnFactory)
[2021-04-04 22:08:05,086] INFO zookeeper.snapshotSizeFactor = 0.33 (org.apache.zookeeper.server.ZKDatabase)
[2021-04-04 22:08:05,090] INFO Snapshotting: 0x0 to /tmp/zookeeper/version-2/snapshot.0 (org.apache.zookeeper.server.persistence.FileTxnSnapLog)
[2021-04-04 22:08:05,093] INFO Snapshotting: 0x0 to /tmp/zookeeper/version-2/snapshot.0 (org.apache.zookeeper.server.persistence.FileTxnSnapLog)
[2021-04-04 22:08:05,107] INFO Using checkIntervalMs=60000 maxPerMinute=10000 (org.apache.zookeeper.server.ContainerManager)
[2021-04-04 22:08:09,785] INFO Registered kafka:type=kafka.Log4jController MBean (kafka.utils.Log4jControllerRegistration$)
[2021-04-04 22:08:10,070] INFO Setting -D jdk.tls.rejectClientInitiatedRenegotiation=true to disable client-initiated TLS renegotiation (org.apache.zookeeper.common.X509Util)
[2021-04-04 22:08:10,125] INFO Registered signal handlers for TERM, INT, HUP (org.apache.kafka.common.utils.LoggingSignalHandler)
[2021-04-04 22:08:10,129] INFO starting (kafka.server.KafkaServer)
[2021-04-04 22:08:10,131] INFO Connecting to zookeeper on localhost:2181 (kafka.server.KafkaServer)
[2021-04-04 22:08:10,149] INFO [ZooKeeperClient Kafka server] Initializing a new session to localhost:2181. (kafka.zookeeper.ZooKeeperClient)
[2021-04-04 22:08:10,153] INFO Client environment:zookeeper.version=3.5.8-f439ca583e70862c3068a1f2a7d4d068eec33315, built on 05/04/2020 15:53 GMT (org.apache.zookeeper.ZooKeeper)
[2021-04-04 22:08:10,153] INFO Client environment:host.name=ohanna (org.apache.zookeeper.ZooKeeper)
[2021-04-04 22:08:10,153] INFO Client environment:java.version=14.0.2 (org.apache.zookeeper.ZooKeeper)
[2021-04-04 22:08:10,153] INFO Client environment:java.vendor=Oracle Corporation (org.apache.zookeeper.ZooKeeper)
[2021-04-04 22:08:10,153] INFO Client environment:java.home=/usr/lib/jvm/java-14-oracle (org.apache.zookeeper.ZooKeeper)
[2021-04-04 22:08:10,153] INFO Client environment:java.class.path=/home/zcruz/Documents/IIITH_Assignments/IIITH/Sem2/IAS/Hackathon/hackathon2/kafka_2.13-2.7.0/bin/../libs/activation-1.1.1.jar:/home/zcruz/Documents/IIITH_Assignments/IIITH/Sem2/IAS/Hackathon/hackathon2/kafka_2.13-2.7.0/bin/../libs/aopalliance-repackaged-2.6.1.jar:/home/zcruz/Documents/IIITH_Assignments/IIITH/Sem2/IAS/Hackathon/hackathon2/kafka_2.13-2.7.0/bin/../libs/argparse4j-0.7.0.jar:/home/zcruz/Documents/IIITH_Assignments/IIITH/Sem2/IAS/Hackathon/hackathon2/kafka_2.13-2.7.0/bin/../libs/audience-annotations-0.5.0.jar:/home/zcruz/Documents/IIITH_Assignments/IIITH/Sem2/IAS/Hackathon/hackathon2/kafka_2.13-2.7.0/bin/../libs/commons-cli-1.4.jar:/home/zcruz/Documents/IIITH_Assignments/IIITH/Sem2/IAS/Hackathon/hackathon2/kafka_2.13-2.7.0/bin/../libs/commons-lang3-3.8.1.jar:/home/zcruz/Documents/IIITH_Assignments/IIITH/Sem2/IAS/Hackathon/hackathon2/kafka_2.13-2.7.0/bin/../libs/connect-api-2.7.0.jar:/home/zcruz/Documents/IIITH_Assignments/IIITH/Sem2/IAS/Hackathon/hackathon2/kafka_2.13-2.7.0/bin/../libs/connect-basic-auth-extension-2.7.0.jar:/home/zcruz/Documents/IIITH_Assignments/IIITH/Sem2/IAS/Hackathon/hackathon2/kafka_2.13-2.7.0/bin/../libs/connect-file-2.7.0.jar:/home/zcruz/Documents/IIITH_Assignments/IIITH/Sem2/IAS/Hackathon/hackathon2/kafka_2.13-2.7.0/bin/../libs/connect-json-2.7.0.jar:/home/zcruz/Documents/IIITH_Assignments/IIITH/Sem2/IAS/Hackathon/hackathon2/kafka_2.13-2.7.0/bin/../libs/connect-mirror-2.7.0.jar:/home/zcruz/Documents/IIITH_Assignments/IIITH/Sem2/IAS/Hackathon/hackathon2/kafka_2.13-2.7.0/bin/../libs/connect-mirror-client-2.7.0.jar:/home/zcruz/Documents/IIITH_Assignments/IIITH/Sem2/IAS/Hackathon/hackathon2/kafka_2.13-2.7.0/bin/../libs/connect-runtime-2.7.0.jar:/home/zcruz/Documents/IIITH_Assignments/IIITH/Sem2/IAS/Hackathon/hackathon2/kafka_2.13-2.7.0/bin/../libs/connect-transforms-2.7.0.jar:/home/zcruz/Documents/IIITH_Assignments/IIITH/Sem2/IAS/Hackathon/hackathon2/kafka_2.13-2.7.0/bin/../libs/hk2-api-2.6.1.jar:/home/zcruz/Documents/IIITH_Assignments/IIITH/Sem2/IAS/Hackathon/hackathon2/kafka_2.13-2.7.0/bin/../libs/hk2-locator-2.6.1.jar:/home/zcruz/Documents/IIITH_Assignments/IIITH/Sem2/IAS/Hackathon/hackathon2/kafka_2.13-2.7.0/bin/../libs/hk2-utils-2.6.1.jar:/home/zcruz/Documents/IIITH_Assignments/IIITH/Sem2/IAS/Hackathon/hackathon2/kafka_2.13-2.7.0/bin/../libs/jackson-annotations-2.10.5.jar:/home/zcruz/Documents/IIITH_Assignments/IIITH/Sem2/IAS/Hackathon/hackathon2/kafka_2.13-2.7.0/bin/../libs/jackson-core-2.10.5.jar:/home/zcruz/Documents/IIITH_Assignments/IIITH/Sem2/IAS/Hackathon/hackathon2/kafka_2.13-2.7.0/bin/../libs/jackson-databind-2.10.5.1.jar:/home/zcruz/Documents/IIITH_Assignments/IIITH/Sem2/IAS/Hackathon/hackathon2/kafka_2.13-2.7.0/bin/../libs/jackson-dataformat-csv-2.10.5.jar:/home/zcruz/Documents/IIITH_Assignments/IIITH/Sem2/IAS/Hackathon/hackathon2/kafka_2.13-2.7.0/bin/../libs/jackson-datatype-jdk8-2.10.5.jar:/home/zcruz/Documents/IIITH_Assignments/IIITH/Sem2/IAS/Hackathon/hackathon2/kafka_2.13-2.7.0/bin/../libs/jackson-jaxrs-base-2.10.5.jar:/home/zcruz/Documents/IIITH_Assignments/IIITH/Sem2/IAS/Hackathon/hackathon2/kafka_2.13-2.7.0/bin/../libs/jackson-jaxrs-json-provider-2.10.5.jar:/home/zcruz/Documents/IIITH_Assignments/IIITH/Sem2/IAS/Hackathon/hackathon2/kafka_2.13-2.7.0/bin/../libs/jackson-module-jaxb-annotations-2.10.5.jar:/home/zcruz/Documents/IIITH_Assignments/IIITH/Sem2/IAS/Hackathon/hackathon2/kafka_2.13-2.7.0/bin/../libs/jackson-module-paranamer-2.10.5.jar:/home/zcruz/Documents/IIITH_Assignments/IIITH/Sem2/IAS/Hackathon/hackathon2/kafka_2.13-2.7.0/bin/../libs/jackson-module-scala_2.13-2.10.5.jar:/home/zcruz/Documents/IIITH_Assignments/IIITH/Sem2/IAS/Hackathon/hackathon2/kafka_2.13-2.7.0/bin/../libs/jakarta.activation-api-1.2.1.jar:/home/zcruz/Documents/IIITH_Assignments/IIITH/Sem2/IAS/Hackathon/hackathon2/kafka_2.13-2.7.0/bin/../libs/jakarta.annotation-api-1.3.5.jar:/home/zcruz/Documents/IIITH_Assignments/IIITH/Sem2/IAS/Hackathon/hackathon2/kafka_2.13-2.7.0/bin/../libs/jakarta.inject-2.6.1.jar:/home/zcruz/Documents/IIITH_Assignments/IIITH/Sem2/IAS/Hackathon/hackathon2/kafka_2.13-2.7.0/bin/../libs/jakarta.validation-api-2.0.2.jar:/home/zcruz/Documents/IIITH_Assignments/IIITH/Sem2/IAS/Hackathon/hackathon2/kafka_2.13-2.7.0/bin/../libs/jakarta.ws.rs-api-2.1.6.jar:/home/zcruz/Documents/IIITH_Assignments/IIITH/Sem2/IAS/Hackathon/hackathon2/kafka_2.13-2.7.0/bin/../libs/jakarta.xml.bind-api-2.3.2.jar:/home/zcruz/Documents/IIITH_Assignments/IIITH/Sem2/IAS/Hackathon/hackathon2/kafka_2.13-2.7.0/bin/../libs/javassist-3.25.0-GA.jar:/home/zcruz/Documents/IIITH_Assignments/IIITH/Sem2/IAS/Hackathon/hackathon2/kafka_2.13-2.7.0/bin/../libs/javassist-3.26.0-GA.jar:/home/zcruz/Documents/IIITH_Assignments/IIITH/Sem2/IAS/Hackathon/hackathon2/kafka_2.13-2.7.0/bin/../libs/javax.servlet-api-3.1.0.jar:/home/zcruz/Documents/IIITH_Assignments/IIITH/Sem2/IAS/Hackathon/hackathon2/kafka_2.13-2.7.0/bin/../libs/javax.ws.rs-api-2.1.1.jar:/home/zcruz/Documents/IIITH_Assignments/IIITH/Sem2/IAS/Hackathon/hackathon2/kafka_2.13-2.7.0/bin/../libs/jaxb-api-2.3.0.jar:/home/zcruz/Documents/IIITH_Assignments/IIITH/Sem2/IAS/Hackathon/hackathon2/kafka_2.13-2.7.0/bin/../libs/jersey-client-2.31.jar:/home/zcruz/Documents/IIITH_Assignments/IIITH/Sem2/IAS/Hackathon/hackathon2/kafka_2.13-2.7.0/bin/../libs/jersey-common-2.31.jar:/home/zcruz/Documents/IIITH_Assignments/IIITH/Sem2/IAS/Hackathon/hackathon2/kafka_2.13-2.7.0/bin/../libs/jersey-container-servlet-2.31.jar:/home/zcruz/Documents/IIITH_Assignments/IIITH/Sem2/IAS/Hackathon/hackathon2/kafka_2.13-2.7.0/bin/../libs/jersey-container-servlet-core-2.31.jar:/home/zcruz/Documents/IIITH_Assignments/IIITH/Sem2/IAS/Hackathon/hackathon2/kafka_2.13-2.7.0/bin/../libs/jersey-hk2-2.31.jar:/home/zcruz/Documents/IIITH_Assignments/IIITH/Sem2/IAS/Hackathon/hackathon2/kafka_2.13-2.7.0/bin/../libs/jersey-media-jaxb-2.31.jar:/home/zcruz/Documents/IIITH_Assignments/IIITH/Sem2/IAS/Hackathon/hackathon2/kafka_2.13-2.7.0/bin/../libs/jersey-server-2.31.jar:/home/zcruz/Documents/IIITH_Assignments/IIITH/Sem2/IAS/Hackathon/hackathon2/kafka_2.13-2.7.0/bin/../libs/jetty-client-9.4.33.v20201020.jar:/home/zcruz/Documents/IIITH_Assignments/IIITH/Sem2/IAS/Hackathon/hackathon2/kafka_2.13-2.7.0/bin/../libs/jetty-continuation-9.4.33.v20201020.jar:/home/zcruz/Documents/IIITH_Assignments/IIITH/Sem2/IAS/Hackathon/hackathon2/kafka_2.13-2.7.0/bin/../libs/jetty-http-9.4.33.v20201020.jar:/home/zcruz/Documents/IIITH_Assignments/IIITH/Sem2/IAS/Hackathon/hackathon2/kafka_2.13-2.7.0/bin/../libs/jetty-io-9.4.33.v20201020.jar:/home/zcruz/Documents/IIITH_Assignments/IIITH/Sem2/IAS/Hackathon/hackathon2/kafka_2.13-2.7.0/bin/../libs/jetty-security-9.4.33.v20201020.jar:/home/zcruz/Documents/IIITH_Assignments/IIITH/Sem2/IAS/Hackathon/hackathon2/kafka_2.13-2.7.0/bin/../libs/jetty-server-9.4.33.v20201020.jar:/home/zcruz/Documents/IIITH_Assignments/IIITH/Sem2/IAS/Hackathon/hackathon2/kafka_2.13-2.7.0/bin/../libs/jetty-servlet-9.4.33.v20201020.jar:/home/zcruz/Documents/IIITH_Assignments/IIITH/Sem2/IAS/Hackathon/hackathon2/kafka_2.13-2.7.0/bin/../libs/jetty-servlets-9.4.33.v20201020.jar:/home/zcruz/Documents/IIITH_Assignments/IIITH/Sem2/IAS/Hackathon/hackathon2/kafka_2.13-2.7.0/bin/../libs/jetty-util-9.4.33.v20201020.jar:/home/zcruz/Documents/IIITH_Assignments/IIITH/Sem2/IAS/Hackathon/hackathon2/kafka_2.13-2.7.0/bin/../libs/jopt-simple-5.0.4.jar:/home/zcruz/Documents/IIITH_Assignments/IIITH/Sem2/IAS/Hackathon/hackathon2/kafka_2.13-2.7.0/bin/../libs/kafka_2.13-2.7.0.jar:/home/zcruz/Documents/IIITH_Assignments/IIITH/Sem2/IAS/Hackathon/hackathon2/kafka_2.13-2.7.0/bin/../libs/kafka_2.13-2.7.0-sources.jar:/home/zcruz/Documents/IIITH_Assignments/IIITH/Sem2/IAS/Hackathon/hackathon2/kafka_2.13-2.7.0/bin/../libs/kafka-clients-2.7.0.jar:/home/zcruz/Documents/IIITH_Assignments/IIITH/Sem2/IAS/Hackathon/hackathon2/kafka_2.13-2.7.0/bin/../libs/kafka-log4j-appender-2.7.0.jar:/home/zcruz/Documents/IIITH_Assignments/IIITH/Sem2/IAS/Hackathon/hackathon2/kafka_2.13-2.7.0/bin/../libs/kafka-raft-2.7.0.jar:/home/zcruz/Documents/IIITH_Assignments/IIITH/Sem2/IAS/Hackathon/hackathon2/kafka_2.13-2.7.0/bin/../libs/kafka-streams-2.7.0.jar:/home/zcruz/Documents/IIITH_Assignments/IIITH/Sem2/IAS/Hackathon/hackathon2/kafka_2.13-2.7.0/bin/../libs/kafka-streams-examples-2.7.0.jar:/home/zcruz/Documents/IIITH_Assignments/IIITH/Sem2/IAS/Hackathon/hackathon2/kafka_2.13-2.7.0/bin/../libs/kafka-streams-scala_2.13-2.7.0.jar:/home/zcruz/Documents/IIITH_Assignments/IIITH/Sem2/IAS/Hackathon/hackathon2/kafka_2.13-2.7.0/bin/../libs/kafka-streams-test-utils-2.7.0.jar:/home/zcruz/Documents/IIITH_Assignments/IIITH/Sem2/IAS/Hackathon/hackathon2/kafka_2.13-2.7.0/bin/../libs/kafka-tools-2.7.0.jar:/home/zcruz/Documents/IIITH_Assignments/IIITH/Sem2/IAS/Hackathon/hackathon2/kafka_2.13-2.7.0/bin/../libs/log4j-1.2.17.jar:/home/zcruz/Documents/IIITH_Assignments/IIITH/Sem2/IAS/Hackathon/hackathon2/kafka_2.13-2.7.0/bin/../libs/lz4-java-1.7.1.jar:/home/zcruz/Documents/IIITH_Assignments/IIITH/Sem2/IAS/Hackathon/hackathon2/kafka_2.13-2.7.0/bin/../libs/maven-artifact-3.6.3.jar:/home/zcruz/Documents/IIITH_Assignments/IIITH/Sem2/IAS/Hackathon/hackathon2/kafka_2.13-2.7.0/bin/../libs/metrics-core-2.2.0.jar:/home/zcruz/Documents/IIITH_Assignments/IIITH/Sem2/IAS/Hackathon/hackathon2/kafka_2.13-2.7.0/bin/../libs/netty-buffer-4.1.51.Final.jar:/home/zcruz/Documents/IIITH_Assignments/IIITH/Sem2/IAS/Hackathon/hackathon2/kafka_2.13-2.7.0/bin/../libs/netty-codec-4.1.51.Final.jar:/home/zcruz/Documents/IIITH_Assignments/IIITH/Sem2/IAS/Hackathon/hackathon2/kafka_2.13-2.7.0/bin/../libs/netty-common-4.1.51.Final.jar:/home/zcruz/Documents/IIITH_Assignments/IIITH/Sem2/IAS/Hackathon/hackathon2/kafka_2.13-2.7.0/bin/../libs/netty-handler-4.1.51.Final.jar:/home/zcruz/Documents/IIITH_Assignments/IIITH/Sem2/IAS/Hackathon/hackathon2/kafka_2.13-2.7.0/bin/../libs/netty-resolver-4.1.51.Final.jar:/home/zcruz/Documents/IIITH_Assignments/IIITH/Sem2/IAS/Hackathon/hackathon2/kafka_2.13-2.7.0/bin/../libs/netty-transport-4.1.51.Final.jar:/home/zcruz/Documents/IIITH_Assignments/IIITH/Sem2/IAS/Hackathon/hackathon2/kafka_2.13-2.7.0/bin/../libs/netty-transport-native-epoll-4.1.51.Final.jar:/home/zcruz/Documents/IIITH_Assignments/IIITH/Sem2/IAS/Hackathon/hackathon2/kafka_2.13-2.7.0/bin/../libs/netty-transport-native-unix-common-4.1.51.Final.jar:/home/zcruz/Documents/IIITH_Assignments/IIITH/Sem2/IAS/Hackathon/hackathon2/kafka_2.13-2.7.0/bin/../libs/osgi-resource-locator-1.0.3.jar:/home/zcruz/Documents/IIITH_Assignments/IIITH/Sem2/IAS/Hackathon/hackathon2/kafka_2.13-2.7.0/bin/../libs/paranamer-2.8.jar:/home/zcruz/Documents/IIITH_Assignments/IIITH/Sem2/IAS/Hackathon/hackathon2/kafka_2.13-2.7.0/bin/../libs/plexus-utils-3.2.1.jar:/home/zcruz/Documents/IIITH_Assignments/IIITH/Sem2/IAS/Hackathon/hackathon2/kafka_2.13-2.7.0/bin/../libs/reflections-0.9.12.jar:/home/zcruz/Documents/IIITH_Assignments/IIITH/Sem2/IAS/Hackathon/hackathon2/kafka_2.13-2.7.0/bin/../libs/rocksdbjni-5.18.4.jar:/home/zcruz/Documents/IIITH_Assignments/IIITH/Sem2/IAS/Hackathon/hackathon2/kafka_2.13-2.7.0/bin/../libs/scala-collection-compat_2.13-2.2.0.jar:/home/zcruz/Documents/IIITH_Assignments/IIITH/Sem2/IAS/Hackathon/hackathon2/kafka_2.13-2.7.0/bin/../libs/scala-java8-compat_2.13-0.9.1.jar:/home/zcruz/Documents/IIITH_Assignments/IIITH/Sem2/IAS/Hackathon/hackathon2/kafka_2.13-2.7.0/bin/../libs/scala-library-2.13.3.jar:/home/zcruz/Documents/IIITH_Assignments/IIITH/Sem2/IAS/Hackathon/hackathon2/kafka_2.13-2.7.0/bin/../libs/scala-logging_2.13-3.9.2.jar:/home/zcruz/Documents/IIITH_Assignments/IIITH/Sem2/IAS/Hackathon/hackathon2/kafka_2.13-2.7.0/bin/../libs/scala-reflect-2.13.3.jar:/home/zcruz/Documents/IIITH_Assignments/IIITH/Sem2/IAS/Hackathon/hackathon2/kafka_2.13-2.7.0/bin/../libs/slf4j-api-1.7.30.jar:/home/zcruz/Documents/IIITH_Assignments/IIITH/Sem2/IAS/Hackathon/hackathon2/kafka_2.13-2.7.0/bin/../libs/slf4j-log4j12-1.7.30.jar:/home/zcruz/Documents/IIITH_Assignments/IIITH/Sem2/IAS/Hackathon/hackathon2/kafka_2.13-2.7.0/bin/../libs/snappy-java-1.1.7.7.jar:/home/zcruz/Documents/IIITH_Assignments/IIITH/Sem2/IAS/Hackathon/hackathon2/kafka_2.13-2.7.0/bin/../libs/zookeeper-3.5.8.jar:/home/zcruz/Documents/IIITH_Assignments/IIITH/Sem2/IAS/Hackathon/hackathon2/kafka_2.13-2.7.0/bin/../libs/zookeeper-jute-3.5.8.jar:/home/zcruz/Documents/IIITH_Assignments/IIITH/Sem2/IAS/Hackathon/hackathon2/kafka_2.13-2.7.0/bin/../libs/zstd-jni-1.4.5-6.jar (org.apache.zookeeper.ZooKeeper)
[2021-04-04 22:08:10,155] INFO Client environment:java.library.path=/usr/java/packages/lib:/usr/lib64:/lib64:/lib:/usr/lib (org.apache.zookeeper.ZooKeeper)
[2021-04-04 22:08:10,155] INFO Client environment:java.io.tmpdir=/tmp (org.apache.zookeeper.ZooKeeper)
[2021-04-04 22:08:10,155] INFO Client environment:java.compiler=<NA> (org.apache.zookeeper.ZooKeeper)
[2021-04-04 22:08:10,155] INFO Client environment:os.name=Linux (org.apache.zookeeper.ZooKeeper)
[2021-04-04 22:08:10,155] INFO Client environment:os.arch=amd64 (org.apache.zookeeper.ZooKeeper)
[2021-04-04 22:08:10,155] INFO Client environment:os.version=5.8.0-48-generic (org.apache.zookeeper.ZooKeeper)
[2021-04-04 22:08:10,155] INFO Client environment:user.name=zcruz (org.apache.zookeeper.ZooKeeper)
[2021-04-04 22:08:10,155] INFO Client environment:user.home=/home/zcruz (org.apache.zookeeper.ZooKeeper)
[2021-04-04 22:08:10,155] INFO Client environment:user.dir=/home/zcruz/Documents/IIITH_Assignments/IIITH/Sem2/IAS/Hackathon/hackathon2/kafka_2.13-2.7.0 (org.apache.zookeeper.ZooKeeper)
[2021-04-04 22:08:10,155] INFO Client environment:os.memory.free=973MB (org.apache.zookeeper.ZooKeeper)
[2021-04-04 22:08:10,155] INFO Client environment:os.memory.max=1024MB (org.apache.zookeeper.ZooKeeper)
[2021-04-04 22:08:10,155] INFO Client environment:os.memory.total=1024MB (org.apache.zookeeper.ZooKeeper)
[2021-04-04 22:08:10,157] INFO Initiating client connection, connectString=localhost:2181 sessionTimeout=18000 watcher=kafka.zookeeper.ZooKeeperClient$ZooKeeperClientWatcher$@2c78324b (org.apache.zookeeper.ZooKeeper)
[2021-04-04 22:08:10,161] INFO jute.maxbuffer value is 4194304 Bytes (org.apache.zookeeper.ClientCnxnSocket)
[2021-04-04 22:08:10,167] INFO zookeeper.request.timeout value is 0. feature enabled= (org.apache.zookeeper.ClientCnxn)
[2021-04-04 22:08:10,175] INFO [ZooKeeperClient Kafka server] Waiting until connected. (kafka.zookeeper.ZooKeeperClient)
[2021-04-04 22:08:10,179] INFO Opening socket connection to server localhost/127.0.0.1:2181. Will not attempt to authenticate using SASL (unknown error) (org.apache.zookeeper.ClientCnxn)
[2021-04-04 22:08:10,182] INFO Socket connection established, initiating session, client: /127.0.0.1:35678, server: localhost/127.0.0.1:2181 (org.apache.zookeeper.ClientCnxn)
[2021-04-04 22:08:10,191] INFO Creating new log file: log.1 (org.apache.zookeeper.server.persistence.FileTxnLog)
[2021-04-04 22:08:10,203] INFO Session establishment complete on server localhost/127.0.0.1:2181, sessionid = 0x1000030e9de0000, negotiated timeout = 18000 (org.apache.zookeeper.ClientCnxn)
[2021-04-04 22:08:10,205] INFO [ZooKeeperClient Kafka server] Connected. (kafka.zookeeper.ZooKeeperClient)
[2021-04-04 22:08:10,329] INFO [feature-zk-node-event-process-thread]: Starting (kafka.server.FinalizedFeatureChangeListener$ChangeNotificationProcessorThread)
[2021-04-04 22:08:10,346] INFO Feature ZK node at path: /feature does not exist (kafka.server.FinalizedFeatureChangeListener)
[2021-04-04 22:08:10,347] INFO Cleared cache (kafka.server.FinalizedFeatureCache)
[2021-04-04 22:08:10,480] INFO Cluster ID = z9CPGsajSZi-HRCoxBYVtw (kafka.server.KafkaServer)
[2021-04-04 22:08:10,483] WARN No meta.properties file under dir /tmp/kafka-logs/meta.properties (kafka.server.BrokerMetadataCheckpoint)
[2021-04-04 22:08:10,533] INFO KafkaConfig values: 
	advertised.host.name = null
	advertised.listeners = PLAINTEXT://localhost:9092
	advertised.port = null
	alter.config.policy.class.name = null
	alter.log.dirs.replication.quota.window.num = 11
	alter.log.dirs.replication.quota.window.size.seconds = 1
	authorizer.class.name = 
	auto.create.topics.enable = true
	auto.leader.rebalance.enable = true
	background.threads = 10
	broker.id = 0
	broker.id.generation.enable = true
	broker.rack = null
	client.quota.callback.class = null
	compression.type = producer
	connection.failed.authentication.delay.ms = 100
	connections.max.idle.ms = 600000
	connections.max.reauth.ms = 0
	control.plane.listener.name = null
	controlled.shutdown.enable = true
	controlled.shutdown.max.retries = 3
	controlled.shutdown.retry.backoff.ms = 5000
	controller.quota.window.num = 11
	controller.quota.window.size.seconds = 1
	controller.socket.timeout.ms = 30000
	create.topic.policy.class.name = null
	default.replication.factor = 1
	delegation.token.expiry.check.interval.ms = 3600000
	delegation.token.expiry.time.ms = 86400000
	delegation.token.master.key = null
	delegation.token.max.lifetime.ms = 604800000
	delete.records.purgatory.purge.interval.requests = 1
	delete.topic.enable = true
	fetch.max.bytes = 57671680
	fetch.purgatory.purge.interval.requests = 1000
	group.initial.rebalance.delay.ms = 0
	group.max.session.timeout.ms = 1800000
	group.max.size = 2147483647
	group.min.session.timeout.ms = 6000
	host.name = 
	inter.broker.listener.name = null
	inter.broker.protocol.version = 2.7-IV2
	kafka.metrics.polling.interval.secs = 10
	kafka.metrics.reporters = []
	leader.imbalance.check.interval.seconds = 300
	leader.imbalance.per.broker.percentage = 10
	listener.security.protocol.map = PLAINTEXT:PLAINTEXT,SSL:SSL,SASL_PLAINTEXT:SASL_PLAINTEXT,SASL_SSL:SASL_SSL
	listeners = null
	log.cleaner.backoff.ms = 15000
	log.cleaner.dedupe.buffer.size = 134217728
	log.cleaner.delete.retention.ms = 86400000
	log.cleaner.enable = true
	log.cleaner.io.buffer.load.factor = 0.9
	log.cleaner.io.buffer.size = 524288
	log.cleaner.io.max.bytes.per.second = 1.7976931348623157E308
	log.cleaner.max.compaction.lag.ms = 9223372036854775807
	log.cleaner.min.cleanable.ratio = 0.5
	log.cleaner.min.compaction.lag.ms = 0
	log.cleaner.threads = 1
	log.cleanup.policy = [delete]
	log.dir = /tmp/kafka-logs
	log.dirs = /tmp/kafka-logs
	log.flush.interval.messages = 9223372036854775807
	log.flush.interval.ms = null
	log.flush.offset.checkpoint.interval.ms = 60000
	log.flush.scheduler.interval.ms = 9223372036854775807
	log.flush.start.offset.checkpoint.interval.ms = 60000
	log.index.interval.bytes = 4096
	log.index.size.max.bytes = 10485760
	log.message.downconversion.enable = true
	log.message.format.version = 2.7-IV2
	log.message.timestamp.difference.max.ms = 9223372036854775807
	log.message.timestamp.type = CreateTime
	log.preallocate = false
	log.retention.bytes = -1
	log.retention.check.interval.ms = 300000
	log.retention.hours = 168
	log.retention.minutes = null
	log.retention.ms = null
	log.roll.hours = 168
	log.roll.jitter.hours = 0
	log.roll.jitter.ms = null
	log.roll.ms = null
	log.segment.bytes = 1073741824
	log.segment.delete.delay.ms = 60000
	max.connection.creation.rate = 2147483647
	max.connections = 2147483647
	max.connections.per.ip = 2147483647
	max.connections.per.ip.overrides = 
	max.incremental.fetch.session.cache.slots = 1000
	message.max.bytes = 1048588
	metric.reporters = []
	metrics.num.samples = 2
	metrics.recording.level = INFO
	metrics.sample.window.ms = 30000
	min.insync.replicas = 1
	num.io.threads = 8
	num.network.threads = 3
	num.partitions = 1
	num.recovery.threads.per.data.dir = 1
	num.replica.alter.log.dirs.threads = null
	num.replica.fetchers = 1
	offset.metadata.max.bytes = 4096
	offsets.commit.required.acks = -1
	offsets.commit.timeout.ms = 5000
	offsets.load.buffer.size = 5242880
	offsets.retention.check.interval.ms = 600000
	offsets.retention.minutes = 10080
	offsets.topic.compression.codec = 0
	offsets.topic.num.partitions = 50
	offsets.topic.replication.factor = 1
	offsets.topic.segment.bytes = 104857600
	password.encoder.cipher.algorithm = AES/CBC/PKCS5Padding
	password.encoder.iterations = 4096
	password.encoder.key.length = 128
	password.encoder.keyfactory.algorithm = null
	password.encoder.old.secret = null
	password.encoder.secret = null
	port = 9092
	principal.builder.class = null
	producer.purgatory.purge.interval.requests = 1000
	queued.max.request.bytes = -1
	queued.max.requests = 500
	quota.consumer.default = 9223372036854775807
	quota.producer.default = 9223372036854775807
	quota.window.num = 11
	quota.window.size.seconds = 1
	replica.fetch.backoff.ms = 1000
	replica.fetch.max.bytes = 1048576
	replica.fetch.min.bytes = 1
	replica.fetch.response.max.bytes = 10485760
	replica.fetch.wait.max.ms = 500
	replica.high.watermark.checkpoint.interval.ms = 5000
	replica.lag.time.max.ms = 30000
	replica.selector.class = null
	replica.socket.receive.buffer.bytes = 65536
	replica.socket.timeout.ms = 30000
	replication.quota.window.num = 11
	replication.quota.window.size.seconds = 1
	request.timeout.ms = 30000
	reserved.broker.max.id = 1000
	sasl.client.callback.handler.class = null
	sasl.enabled.mechanisms = [GSSAPI]
	sasl.jaas.config = null
	sasl.kerberos.kinit.cmd = /usr/bin/kinit
	sasl.kerberos.min.time.before.relogin = 60000
	sasl.kerberos.principal.to.local.rules = [DEFAULT]
	sasl.kerberos.service.name = null
	sasl.kerberos.ticket.renew.jitter = 0.05
	sasl.kerberos.ticket.renew.window.factor = 0.8
	sasl.login.callback.handler.class = null
	sasl.login.class = null
	sasl.login.refresh.buffer.seconds = 300
	sasl.login.refresh.min.period.seconds = 60
	sasl.login.refresh.window.factor = 0.8
	sasl.login.refresh.window.jitter = 0.05
	sasl.mechanism.inter.broker.protocol = GSSAPI
	sasl.server.callback.handler.class = null
	security.inter.broker.protocol = PLAINTEXT
	security.providers = null
	socket.connection.setup.timeout.max.ms = 127000
	socket.connection.setup.timeout.ms = 10000
	socket.receive.buffer.bytes = 102400
	socket.request.max.bytes = 104857600
	socket.send.buffer.bytes = 102400
	ssl.cipher.suites = []
	ssl.client.auth = none
	ssl.enabled.protocols = [TLSv1.2, TLSv1.3]
	ssl.endpoint.identification.algorithm = https
	ssl.engine.factory.class = null
	ssl.key.password = null
	ssl.keymanager.algorithm = SunX509
	ssl.keystore.certificate.chain = null
	ssl.keystore.key = null
	ssl.keystore.location = null
	ssl.keystore.password = null
	ssl.keystore.type = JKS
	ssl.principal.mapping.rules = DEFAULT
	ssl.protocol = TLSv1.3
	ssl.provider = null
	ssl.secure.random.implementation = null
	ssl.trustmanager.algorithm = PKIX
	ssl.truststore.certificates = null
	ssl.truststore.location = null
	ssl.truststore.password = null
	ssl.truststore.type = JKS
	transaction.abort.timed.out.transaction.cleanup.interval.ms = 10000
	transaction.max.timeout.ms = 900000
	transaction.remove.expired.transaction.cleanup.interval.ms = 3600000
	transaction.state.log.load.buffer.size = 5242880
	transaction.state.log.min.isr = 1
	transaction.state.log.num.partitions = 50
	transaction.state.log.replication.factor = 1
	transaction.state.log.segment.bytes = 104857600
	transactional.id.expiration.ms = 604800000
	unclean.leader.election.enable = false
	zookeeper.clientCnxnSocket = null
	zookeeper.connect = localhost:2181
	zookeeper.connection.timeout.ms = 18000
	zookeeper.max.in.flight.requests = 10
	zookeeper.session.timeout.ms = 18000
	zookeeper.set.acl = false
	zookeeper.ssl.cipher.suites = null
	zookeeper.ssl.client.enable = false
	zookeeper.ssl.crl.enable = false
	zookeeper.ssl.enabled.protocols = null
	zookeeper.ssl.endpoint.identification.algorithm = HTTPS
	zookeeper.ssl.keystore.location = null
	zookeeper.ssl.keystore.password = null
	zookeeper.ssl.keystore.type = null
	zookeeper.ssl.ocsp.enable = false
	zookeeper.ssl.protocol = TLSv1.2
	zookeeper.ssl.truststore.location = null
	zookeeper.ssl.truststore.password = null
	zookeeper.ssl.truststore.type = null
	zookeeper.sync.time.ms = 2000
 (kafka.server.KafkaConfig)
[2021-04-04 22:08:10,543] INFO KafkaConfig values: 
	advertised.host.name = null
	advertised.listeners = PLAINTEXT://localhost:9092
	advertised.port = null
	alter.config.policy.class.name = null
	alter.log.dirs.replication.quota.window.num = 11
	alter.log.dirs.replication.quota.window.size.seconds = 1
	authorizer.class.name = 
	auto.create.topics.enable = true
	auto.leader.rebalance.enable = true
	background.threads = 10
	broker.id = 0
	broker.id.generation.enable = true
	broker.rack = null
	client.quota.callback.class = null
	compression.type = producer
	connection.failed.authentication.delay.ms = 100
	connections.max.idle.ms = 600000
	connections.max.reauth.ms = 0
	control.plane.listener.name = null
	controlled.shutdown.enable = true
	controlled.shutdown.max.retries = 3
	controlled.shutdown.retry.backoff.ms = 5000
	controller.quota.window.num = 11
	controller.quota.window.size.seconds = 1
	controller.socket.timeout.ms = 30000
	create.topic.policy.class.name = null
	default.replication.factor = 1
	delegation.token.expiry.check.interval.ms = 3600000
	delegation.token.expiry.time.ms = 86400000
	delegation.token.master.key = null
	delegation.token.max.lifetime.ms = 604800000
	delete.records.purgatory.purge.interval.requests = 1
	delete.topic.enable = true
	fetch.max.bytes = 57671680
	fetch.purgatory.purge.interval.requests = 1000
	group.initial.rebalance.delay.ms = 0
	group.max.session.timeout.ms = 1800000
	group.max.size = 2147483647
	group.min.session.timeout.ms = 6000
	host.name = 
	inter.broker.listener.name = null
	inter.broker.protocol.version = 2.7-IV2
	kafka.metrics.polling.interval.secs = 10
	kafka.metrics.reporters = []
	leader.imbalance.check.interval.seconds = 300
	leader.imbalance.per.broker.percentage = 10
	listener.security.protocol.map = PLAINTEXT:PLAINTEXT,SSL:SSL,SASL_PLAINTEXT:SASL_PLAINTEXT,SASL_SSL:SASL_SSL
	listeners = null
	log.cleaner.backoff.ms = 15000
	log.cleaner.dedupe.buffer.size = 134217728
	log.cleaner.delete.retention.ms = 86400000
	log.cleaner.enable = true
	log.cleaner.io.buffer.load.factor = 0.9
	log.cleaner.io.buffer.size = 524288
	log.cleaner.io.max.bytes.per.second = 1.7976931348623157E308
	log.cleaner.max.compaction.lag.ms = 9223372036854775807
	log.cleaner.min.cleanable.ratio = 0.5
	log.cleaner.min.compaction.lag.ms = 0
	log.cleaner.threads = 1
	log.cleanup.policy = [delete]
	log.dir = /tmp/kafka-logs
	log.dirs = /tmp/kafka-logs
	log.flush.interval.messages = 9223372036854775807
	log.flush.interval.ms = null
	log.flush.offset.checkpoint.interval.ms = 60000
	log.flush.scheduler.interval.ms = 9223372036854775807
	log.flush.start.offset.checkpoint.interval.ms = 60000
	log.index.interval.bytes = 4096
	log.index.size.max.bytes = 10485760
	log.message.downconversion.enable = true
	log.message.format.version = 2.7-IV2
	log.message.timestamp.difference.max.ms = 9223372036854775807
	log.message.timestamp.type = CreateTime
	log.preallocate = false
	log.retention.bytes = -1
	log.retention.check.interval.ms = 300000
	log.retention.hours = 168
	log.retention.minutes = null
	log.retention.ms = null
	log.roll.hours = 168
	log.roll.jitter.hours = 0
	log.roll.jitter.ms = null
	log.roll.ms = null
	log.segment.bytes = 1073741824
	log.segment.delete.delay.ms = 60000
	max.connection.creation.rate = 2147483647
	max.connections = 2147483647
	max.connections.per.ip = 2147483647
	max.connections.per.ip.overrides = 
	max.incremental.fetch.session.cache.slots = 1000
	message.max.bytes = 1048588
	metric.reporters = []
	metrics.num.samples = 2
	metrics.recording.level = INFO
	metrics.sample.window.ms = 30000
	min.insync.replicas = 1
	num.io.threads = 8
	num.network.threads = 3
	num.partitions = 1
	num.recovery.threads.per.data.dir = 1
	num.replica.alter.log.dirs.threads = null
	num.replica.fetchers = 1
	offset.metadata.max.bytes = 4096
	offsets.commit.required.acks = -1
	offsets.commit.timeout.ms = 5000
	offsets.load.buffer.size = 5242880
	offsets.retention.check.interval.ms = 600000
	offsets.retention.minutes = 10080
	offsets.topic.compression.codec = 0
	offsets.topic.num.partitions = 50
	offsets.topic.replication.factor = 1
	offsets.topic.segment.bytes = 104857600
	password.encoder.cipher.algorithm = AES/CBC/PKCS5Padding
	password.encoder.iterations = 4096
	password.encoder.key.length = 128
	password.encoder.keyfactory.algorithm = null
	password.encoder.old.secret = null
	password.encoder.secret = null
	port = 9092
	principal.builder.class = null
	producer.purgatory.purge.interval.requests = 1000
	queued.max.request.bytes = -1
	queued.max.requests = 500
	quota.consumer.default = 9223372036854775807
	quota.producer.default = 9223372036854775807
	quota.window.num = 11
	quota.window.size.seconds = 1
	replica.fetch.backoff.ms = 1000
	replica.fetch.max.bytes = 1048576
	replica.fetch.min.bytes = 1
	replica.fetch.response.max.bytes = 10485760
	replica.fetch.wait.max.ms = 500
	replica.high.watermark.checkpoint.interval.ms = 5000
	replica.lag.time.max.ms = 30000
	replica.selector.class = null
	replica.socket.receive.buffer.bytes = 65536
	replica.socket.timeout.ms = 30000
	replication.quota.window.num = 11
	replication.quota.window.size.seconds = 1
	request.timeout.ms = 30000
	reserved.broker.max.id = 1000
	sasl.client.callback.handler.class = null
	sasl.enabled.mechanisms = [GSSAPI]
	sasl.jaas.config = null
	sasl.kerberos.kinit.cmd = /usr/bin/kinit
	sasl.kerberos.min.time.before.relogin = 60000
	sasl.kerberos.principal.to.local.rules = [DEFAULT]
	sasl.kerberos.service.name = null
	sasl.kerberos.ticket.renew.jitter = 0.05
	sasl.kerberos.ticket.renew.window.factor = 0.8
	sasl.login.callback.handler.class = null
	sasl.login.class = null
	sasl.login.refresh.buffer.seconds = 300
	sasl.login.refresh.min.period.seconds = 60
	sasl.login.refresh.window.factor = 0.8
	sasl.login.refresh.window.jitter = 0.05
	sasl.mechanism.inter.broker.protocol = GSSAPI
	sasl.server.callback.handler.class = null
	security.inter.broker.protocol = PLAINTEXT
	security.providers = null
	socket.connection.setup.timeout.max.ms = 127000
	socket.connection.setup.timeout.ms = 10000
	socket.receive.buffer.bytes = 102400
	socket.request.max.bytes = 104857600
	socket.send.buffer.bytes = 102400
	ssl.cipher.suites = []
	ssl.client.auth = none
	ssl.enabled.protocols = [TLSv1.2, TLSv1.3]
	ssl.endpoint.identification.algorithm = https
	ssl.engine.factory.class = null
	ssl.key.password = null
	ssl.keymanager.algorithm = SunX509
	ssl.keystore.certificate.chain = null
	ssl.keystore.key = null
	ssl.keystore.location = null
	ssl.keystore.password = null
	ssl.keystore.type = JKS
	ssl.principal.mapping.rules = DEFAULT
	ssl.protocol = TLSv1.3
	ssl.provider = null
	ssl.secure.random.implementation = null
	ssl.trustmanager.algorithm = PKIX
	ssl.truststore.certificates = null
	ssl.truststore.location = null
	ssl.truststore.password = null
	ssl.truststore.type = JKS
	transaction.abort.timed.out.transaction.cleanup.interval.ms = 10000
	transaction.max.timeout.ms = 900000
	transaction.remove.expired.transaction.cleanup.interval.ms = 3600000
	transaction.state.log.load.buffer.size = 5242880
	transaction.state.log.min.isr = 1
	transaction.state.log.num.partitions = 50
	transaction.state.log.replication.factor = 1
	transaction.state.log.segment.bytes = 104857600
	transactional.id.expiration.ms = 604800000
	unclean.leader.election.enable = false
	zookeeper.clientCnxnSocket = null
	zookeeper.connect = localhost:2181
	zookeeper.connection.timeout.ms = 18000
	zookeeper.max.in.flight.requests = 10
	zookeeper.session.timeout.ms = 18000
	zookeeper.set.acl = false
	zookeeper.ssl.cipher.suites = null
	zookeeper.ssl.client.enable = false
	zookeeper.ssl.crl.enable = false
	zookeeper.ssl.enabled.protocols = null
	zookeeper.ssl.endpoint.identification.algorithm = HTTPS
	zookeeper.ssl.keystore.location = null
	zookeeper.ssl.keystore.password = null
	zookeeper.ssl.keystore.type = null
	zookeeper.ssl.ocsp.enable = false
	zookeeper.ssl.protocol = TLSv1.2
	zookeeper.ssl.truststore.location = null
	zookeeper.ssl.truststore.password = null
	zookeeper.ssl.truststore.type = null
	zookeeper.sync.time.ms = 2000
 (kafka.server.KafkaConfig)
[2021-04-04 22:08:10,586] INFO [ThrottledChannelReaper-Fetch]: Starting (kafka.server.ClientQuotaManager$ThrottledChannelReaper)
[2021-04-04 22:08:10,586] INFO [ThrottledChannelReaper-Produce]: Starting (kafka.server.ClientQuotaManager$ThrottledChannelReaper)
[2021-04-04 22:08:10,588] INFO [ThrottledChannelReaper-Request]: Starting (kafka.server.ClientQuotaManager$ThrottledChannelReaper)
[2021-04-04 22:08:10,590] INFO [ThrottledChannelReaper-ControllerMutation]: Starting (kafka.server.ClientQuotaManager$ThrottledChannelReaper)
[2021-04-04 22:08:10,614] INFO Log directory /tmp/kafka-logs not found, creating it. (kafka.log.LogManager)
[2021-04-04 22:08:10,620] INFO Loading logs from log dirs ArraySeq(/tmp/kafka-logs) (kafka.log.LogManager)
[2021-04-04 22:08:10,622] INFO Attempting recovery for all logs in /tmp/kafka-logs since no clean shutdown file was found (kafka.log.LogManager)
[2021-04-04 22:08:10,626] INFO Loaded 0 logs in 6ms. (kafka.log.LogManager)
[2021-04-04 22:08:10,651] INFO Starting log cleanup with a period of 300000 ms. (kafka.log.LogManager)
[2021-04-04 22:08:10,655] INFO Starting log flusher with a default period of 9223372036854775807 ms. (kafka.log.LogManager)
[2021-04-04 22:08:11,016] INFO Created ConnectionAcceptRate sensor, quotaLimit=2147483647 (kafka.network.ConnectionQuotas)
[2021-04-04 22:08:11,020] INFO Created ConnectionAcceptRate-PLAINTEXT sensor, quotaLimit=2147483647 (kafka.network.ConnectionQuotas)
[2021-04-04 22:08:11,024] INFO Updated PLAINTEXT max connection creation rate to 2147483647 (kafka.network.ConnectionQuotas)
[2021-04-04 22:08:11,029] INFO Awaiting socket connections on 0.0.0.0:9092. (kafka.network.Acceptor)
[2021-04-04 22:08:11,064] INFO [SocketServer brokerId=0] Created data-plane acceptor and processors for endpoint : ListenerName(PLAINTEXT) (kafka.network.SocketServer)
[2021-04-04 22:08:11,095] INFO [ExpirationReaper-0-Produce]: Starting (kafka.server.DelayedOperationPurgatory$ExpiredOperationReaper)
[2021-04-04 22:08:11,095] INFO [ExpirationReaper-0-Fetch]: Starting (kafka.server.DelayedOperationPurgatory$ExpiredOperationReaper)
[2021-04-04 22:08:11,097] INFO [ExpirationReaper-0-DeleteRecords]: Starting (kafka.server.DelayedOperationPurgatory$ExpiredOperationReaper)
[2021-04-04 22:08:11,097] INFO [ExpirationReaper-0-ElectLeader]: Starting (kafka.server.DelayedOperationPurgatory$ExpiredOperationReaper)
[2021-04-04 22:08:11,109] INFO [LogDirFailureHandler]: Starting (kafka.server.ReplicaManager$LogDirFailureHandler)
[2021-04-04 22:08:11,109] INFO [broker-0-to-controller-send-thread]: Starting (kafka.server.BrokerToControllerRequestThread)
[2021-04-04 22:08:11,131] INFO Creating /brokers/ids/0 (is it secure? false) (kafka.zk.KafkaZkClient)
[2021-04-04 22:08:11,149] INFO Stat of the created znode at /brokers/ids/0 is: 24,24,1617554291143,1617554291143,1,0,0,72057804119998464,204,0,24
 (kafka.zk.KafkaZkClient)
[2021-04-04 22:08:11,150] INFO Registered broker 0 at path /brokers/ids/0 with addresses: PLAINTEXT://localhost:9092, czxid (broker epoch): 24 (kafka.zk.KafkaZkClient)
[2021-04-04 22:08:11,204] INFO [ExpirationReaper-0-topic]: Starting (kafka.server.DelayedOperationPurgatory$ExpiredOperationReaper)
[2021-04-04 22:08:11,209] INFO [ExpirationReaper-0-Heartbeat]: Starting (kafka.server.DelayedOperationPurgatory$ExpiredOperationReaper)
[2021-04-04 22:08:11,210] INFO [ExpirationReaper-0-Rebalance]: Starting (kafka.server.DelayedOperationPurgatory$ExpiredOperationReaper)
[2021-04-04 22:08:11,216] INFO Successfully created /controller_epoch with initial epoch 0 (kafka.zk.KafkaZkClient)
[2021-04-04 22:08:11,228] INFO [GroupCoordinator 0]: Starting up. (kafka.coordinator.group.GroupCoordinator)
[2021-04-04 22:08:11,230] INFO [GroupCoordinator 0]: Startup complete. (kafka.coordinator.group.GroupCoordinator)
[2021-04-04 22:08:11,234] INFO Feature ZK node created at path: /feature (kafka.server.FinalizedFeatureChangeListener)
[2021-04-04 22:08:11,242] INFO [ProducerId Manager 0]: Acquired new producerId block (brokerId:0,blockStartProducerId:0,blockEndProducerId:999) by writing to Zk with path version 1 (kafka.coordinator.transaction.ProducerIdManager)
[2021-04-04 22:08:11,256] INFO [TransactionCoordinator id=0] Starting up. (kafka.coordinator.transaction.TransactionCoordinator)
[2021-04-04 22:08:11,258] INFO [Transaction Marker Channel Manager 0]: Starting (kafka.coordinator.transaction.TransactionMarkerChannelManager)
[2021-04-04 22:08:11,258] INFO [TransactionCoordinator id=0] Startup complete. (kafka.coordinator.transaction.TransactionCoordinator)
[2021-04-04 22:08:11,268] INFO Updated cache from existing <empty> to latest FinalizedFeaturesAndEpoch(features=Features{}, epoch=0). (kafka.server.FinalizedFeatureCache)
[2021-04-04 22:08:11,278] INFO [ExpirationReaper-0-AlterAcls]: Starting (kafka.server.DelayedOperationPurgatory$ExpiredOperationReaper)
[2021-04-04 22:08:11,290] INFO [/config/changes-event-process-thread]: Starting (kafka.common.ZkNodeChangeNotificationListener$ChangeEventProcessThread)
[2021-04-04 22:08:11,302] INFO [SocketServer brokerId=0] Starting socket server acceptors and processors (kafka.network.SocketServer)
[2021-04-04 22:08:11,306] INFO [SocketServer brokerId=0] Started data-plane acceptor and processor(s) for endpoint : ListenerName(PLAINTEXT) (kafka.network.SocketServer)
[2021-04-04 22:08:11,306] INFO [SocketServer brokerId=0] Started socket server acceptors and processors (kafka.network.SocketServer)
[2021-04-04 22:08:11,311] INFO Kafka version: 2.7.0 (org.apache.kafka.common.utils.AppInfoParser)
[2021-04-04 22:08:11,311] INFO Kafka commitId: 448719dc99a19793 (org.apache.kafka.common.utils.AppInfoParser)
[2021-04-04 22:08:11,311] INFO Kafka startTimeMs: 1617554291307 (org.apache.kafka.common.utils.AppInfoParser)
[2021-04-04 22:08:11,313] INFO [KafkaServer id=0] started (kafka.server.KafkaServer)
[2021-04-04 22:08:11,413] INFO [broker-0-to-controller-send-thread]: Recorded new controller, from now on will use broker 0 (kafka.server.BrokerToControllerRequestThread)
[2021-04-04 22:12:49,200] INFO Terminating process due to signal SIGHUP (org.apache.kafka.common.utils.LoggingSignalHandler)
[2021-04-04 22:12:49,205] INFO [KafkaServer id=0] shutting down (kafka.server.KafkaServer)
[2021-04-04 22:12:49,210] INFO [KafkaServer id=0] Starting controlled shutdown (kafka.server.KafkaServer)
[2021-04-04 22:12:49,248] INFO [KafkaServer id=0] Controlled shutdown succeeded (kafka.server.KafkaServer)
[2021-04-04 22:12:49,257] INFO [/config/changes-event-process-thread]: Shutting down (kafka.common.ZkNodeChangeNotificationListener$ChangeEventProcessThread)
[2021-04-04 22:12:49,258] INFO [/config/changes-event-process-thread]: Stopped (kafka.common.ZkNodeChangeNotificationListener$ChangeEventProcessThread)
[2021-04-04 22:12:49,258] INFO [/config/changes-event-process-thread]: Shutdown completed (kafka.common.ZkNodeChangeNotificationListener$ChangeEventProcessThread)
[2021-04-04 22:12:49,259] INFO [SocketServer brokerId=0] Stopping socket server request processors (kafka.network.SocketServer)
[2021-04-04 22:12:49,268] INFO [SocketServer brokerId=0] Stopped socket server request processors (kafka.network.SocketServer)
[2021-04-04 22:12:49,270] INFO [data-plane Kafka Request Handler on Broker 0], shutting down (kafka.server.KafkaRequestHandlerPool)
[2021-04-04 22:12:49,272] INFO [data-plane Kafka Request Handler on Broker 0], shut down completely (kafka.server.KafkaRequestHandlerPool)
[2021-04-04 22:12:49,276] INFO [ExpirationReaper-0-AlterAcls]: Shutting down (kafka.server.DelayedOperationPurgatory$ExpiredOperationReaper)
[2021-04-04 22:12:49,295] INFO [ExpirationReaper-0-AlterAcls]: Shutdown completed (kafka.server.DelayedOperationPurgatory$ExpiredOperationReaper)
[2021-04-04 22:12:49,295] INFO [ExpirationReaper-0-AlterAcls]: Stopped (kafka.server.DelayedOperationPurgatory$ExpiredOperationReaper)
[2021-04-04 22:12:49,296] INFO [KafkaApi-0] Shutdown complete. (kafka.server.KafkaApis)
[2021-04-04 22:12:49,298] INFO [ExpirationReaper-0-topic]: Shutting down (kafka.server.DelayedOperationPurgatory$ExpiredOperationReaper)
[2021-04-04 22:12:49,414] INFO [ExpirationReaper-0-topic]: Stopped (kafka.server.DelayedOperationPurgatory$ExpiredOperationReaper)
[2021-04-04 22:12:49,414] INFO [ExpirationReaper-0-topic]: Shutdown completed (kafka.server.DelayedOperationPurgatory$ExpiredOperationReaper)
[2021-04-04 22:12:49,419] INFO [TransactionCoordinator id=0] Shutting down. (kafka.coordinator.transaction.TransactionCoordinator)
[2021-04-04 22:12:49,422] INFO [ProducerId Manager 0]: Shutdown complete: last producerId assigned 0 (kafka.coordinator.transaction.ProducerIdManager)
[2021-04-04 22:12:49,424] INFO [Transaction State Manager 0]: Shutdown complete (kafka.coordinator.transaction.TransactionStateManager)
[2021-04-04 22:12:49,424] INFO [Transaction Marker Channel Manager 0]: Shutting down (kafka.coordinator.transaction.TransactionMarkerChannelManager)
[2021-04-04 22:12:49,426] INFO [Transaction Marker Channel Manager 0]: Stopped (kafka.coordinator.transaction.TransactionMarkerChannelManager)
[2021-04-04 22:12:49,426] INFO [Transaction Marker Channel Manager 0]: Shutdown completed (kafka.coordinator.transaction.TransactionMarkerChannelManager)
[2021-04-04 22:12:49,428] INFO [TransactionCoordinator id=0] Shutdown complete. (kafka.coordinator.transaction.TransactionCoordinator)
[2021-04-04 22:12:49,431] INFO [GroupCoordinator 0]: Shutting down. (kafka.coordinator.group.GroupCoordinator)
[2021-04-04 22:12:49,433] INFO [ExpirationReaper-0-Heartbeat]: Shutting down (kafka.server.DelayedOperationPurgatory$ExpiredOperationReaper)
[2021-04-04 22:12:49,614] INFO [ExpirationReaper-0-Heartbeat]: Stopped (kafka.server.DelayedOperationPurgatory$ExpiredOperationReaper)
[2021-04-04 22:12:49,614] INFO [ExpirationReaper-0-Heartbeat]: Shutdown completed (kafka.server.DelayedOperationPurgatory$ExpiredOperationReaper)
[2021-04-04 22:12:49,616] INFO [ExpirationReaper-0-Rebalance]: Shutting down (kafka.server.DelayedOperationPurgatory$ExpiredOperationReaper)
[2021-04-04 22:12:49,814] INFO [ExpirationReaper-0-Rebalance]: Stopped (kafka.server.DelayedOperationPurgatory$ExpiredOperationReaper)
[2021-04-04 22:12:49,814] INFO [ExpirationReaper-0-Rebalance]: Shutdown completed (kafka.server.DelayedOperationPurgatory$ExpiredOperationReaper)
[2021-04-04 22:12:49,817] INFO [GroupCoordinator 0]: Shutdown complete. (kafka.coordinator.group.GroupCoordinator)
[2021-04-04 22:12:49,821] INFO [ReplicaManager broker=0] Shutting down (kafka.server.ReplicaManager)
[2021-04-04 22:12:49,822] INFO [LogDirFailureHandler]: Shutting down (kafka.server.ReplicaManager$LogDirFailureHandler)
[2021-04-04 22:12:49,824] INFO [LogDirFailureHandler]: Stopped (kafka.server.ReplicaManager$LogDirFailureHandler)
[2021-04-04 22:12:49,824] INFO [LogDirFailureHandler]: Shutdown completed (kafka.server.ReplicaManager$LogDirFailureHandler)
[2021-04-04 22:12:49,826] INFO [ReplicaFetcherManager on broker 0] shutting down (kafka.server.ReplicaFetcherManager)
[2021-04-04 22:12:49,834] INFO [ReplicaFetcherManager on broker 0] shutdown completed (kafka.server.ReplicaFetcherManager)
[2021-04-04 22:12:49,836] INFO [ReplicaAlterLogDirsManager on broker 0] shutting down (kafka.server.ReplicaAlterLogDirsManager)
[2021-04-04 22:12:49,838] INFO [ReplicaAlterLogDirsManager on broker 0] shutdown completed (kafka.server.ReplicaAlterLogDirsManager)
[2021-04-04 22:12:49,838] INFO [ExpirationReaper-0-Fetch]: Shutting down (kafka.server.DelayedOperationPurgatory$ExpiredOperationReaper)
[2021-04-04 22:12:49,902] INFO [ExpirationReaper-0-Fetch]: Stopped (kafka.server.DelayedOperationPurgatory$ExpiredOperationReaper)
[2021-04-04 22:12:49,902] INFO [ExpirationReaper-0-Fetch]: Shutdown completed (kafka.server.DelayedOperationPurgatory$ExpiredOperationReaper)
[2021-04-04 22:12:49,904] INFO [ExpirationReaper-0-Produce]: Shutting down (kafka.server.DelayedOperationPurgatory$ExpiredOperationReaper)
[2021-04-04 22:12:50,103] INFO [ExpirationReaper-0-Produce]: Stopped (kafka.server.DelayedOperationPurgatory$ExpiredOperationReaper)
[2021-04-04 22:12:50,103] INFO [ExpirationReaper-0-Produce]: Shutdown completed (kafka.server.DelayedOperationPurgatory$ExpiredOperationReaper)
[2021-04-04 22:12:50,105] INFO [ExpirationReaper-0-DeleteRecords]: Shutting down (kafka.server.DelayedOperationPurgatory$ExpiredOperationReaper)
[2021-04-04 22:12:50,302] INFO [ExpirationReaper-0-DeleteRecords]: Stopped (kafka.server.DelayedOperationPurgatory$ExpiredOperationReaper)
[2021-04-04 22:12:50,302] INFO [ExpirationReaper-0-DeleteRecords]: Shutdown completed (kafka.server.DelayedOperationPurgatory$ExpiredOperationReaper)
[2021-04-04 22:12:50,304] INFO [ExpirationReaper-0-ElectLeader]: Shutting down (kafka.server.DelayedOperationPurgatory$ExpiredOperationReaper)
[2021-04-04 22:12:50,503] INFO [ExpirationReaper-0-ElectLeader]: Stopped (kafka.server.DelayedOperationPurgatory$ExpiredOperationReaper)
[2021-04-04 22:12:50,503] INFO [ExpirationReaper-0-ElectLeader]: Shutdown completed (kafka.server.DelayedOperationPurgatory$ExpiredOperationReaper)
[2021-04-04 22:12:50,526] INFO [ReplicaManager broker=0] Shut down completely (kafka.server.ReplicaManager)
[2021-04-04 22:12:50,527] INFO [broker-0-to-controller-send-thread]: Shutting down (kafka.server.BrokerToControllerRequestThread)
[2021-04-04 22:12:50,529] INFO [broker-0-to-controller-send-thread]: Shutdown completed (kafka.server.BrokerToControllerRequestThread)
[2021-04-04 22:12:50,529] INFO [broker-0-to-controller-send-thread]: Stopped (kafka.server.BrokerToControllerRequestThread)
[2021-04-04 22:12:50,529] INFO [broker-0-to-controller-send-thread]: Shutdown completed (kafka.server.BrokerToControllerRequestThread)
[2021-04-04 22:12:50,533] INFO Shutting down. (kafka.log.LogManager)
[2021-04-04 22:12:50,571] INFO Shutdown complete. (kafka.log.LogManager)
[2021-04-04 22:12:50,596] INFO [feature-zk-node-event-process-thread]: Shutting down (kafka.server.FinalizedFeatureChangeListener$ChangeNotificationProcessorThread)
[2021-04-04 22:12:50,596] INFO [feature-zk-node-event-process-thread]: Shutdown completed (kafka.server.FinalizedFeatureChangeListener$ChangeNotificationProcessorThread)
[2021-04-04 22:12:50,596] INFO [feature-zk-node-event-process-thread]: Stopped (kafka.server.FinalizedFeatureChangeListener$ChangeNotificationProcessorThread)
[2021-04-04 22:12:50,601] INFO [ZooKeeperClient Kafka server] Closing. (kafka.zookeeper.ZooKeeperClient)
[2021-04-04 22:12:50,713] INFO Session: 0x1000030e9de0000 closed (org.apache.zookeeper.ZooKeeper)
[2021-04-04 22:12:50,713] INFO EventThread shut down for session: 0x1000030e9de0000 (org.apache.zookeeper.ClientCnxn)
[2021-04-04 22:12:50,714] INFO [ZooKeeperClient Kafka server] Closed. (kafka.zookeeper.ZooKeeperClient)
[2021-04-04 22:12:50,715] INFO [ThrottledChannelReaper-Fetch]: Shutting down (kafka.server.ClientQuotaManager$ThrottledChannelReaper)
[2021-04-04 22:12:51,629] INFO [ThrottledChannelReaper-Fetch]: Stopped (kafka.server.ClientQuotaManager$ThrottledChannelReaper)
[2021-04-04 22:12:51,629] INFO [ThrottledChannelReaper-Fetch]: Shutdown completed (kafka.server.ClientQuotaManager$ThrottledChannelReaper)
[2021-04-04 22:12:51,630] INFO [ThrottledChannelReaper-Produce]: Shutting down (kafka.server.ClientQuotaManager$ThrottledChannelReaper)
[2021-04-04 22:12:52,629] INFO [ThrottledChannelReaper-Produce]: Stopped (kafka.server.ClientQuotaManager$ThrottledChannelReaper)
[2021-04-04 22:12:52,629] INFO [ThrottledChannelReaper-Produce]: Shutdown completed (kafka.server.ClientQuotaManager$ThrottledChannelReaper)
[2021-04-04 22:12:52,630] INFO [ThrottledChannelReaper-Request]: Shutting down (kafka.server.ClientQuotaManager$ThrottledChannelReaper)
[2021-04-04 22:12:53,629] INFO [ThrottledChannelReaper-Request]: Stopped (kafka.server.ClientQuotaManager$ThrottledChannelReaper)
[2021-04-04 22:12:53,629] INFO [ThrottledChannelReaper-Request]: Shutdown completed (kafka.server.ClientQuotaManager$ThrottledChannelReaper)
[2021-04-04 22:12:53,630] INFO [ThrottledChannelReaper-ControllerMutation]: Shutting down (kafka.server.ClientQuotaManager$ThrottledChannelReaper)
[2021-04-04 22:12:53,633] INFO [ThrottledChannelReaper-ControllerMutation]: Stopped (kafka.server.ClientQuotaManager$ThrottledChannelReaper)
[2021-04-04 22:12:53,633] INFO [ThrottledChannelReaper-ControllerMutation]: Shutdown completed (kafka.server.ClientQuotaManager$ThrottledChannelReaper)
[2021-04-04 22:12:53,636] INFO [SocketServer brokerId=0] Shutting down socket server (kafka.network.SocketServer)
[2021-04-04 22:12:53,689] INFO [SocketServer brokerId=0] Shutdown completed (kafka.network.SocketServer)
[2021-04-04 22:12:53,689] INFO Metrics scheduler closed (org.apache.kafka.common.metrics.Metrics)
[2021-04-04 22:12:53,690] INFO Closing reporter org.apache.kafka.common.metrics.JmxReporter (org.apache.kafka.common.metrics.Metrics)
[2021-04-04 22:12:53,690] INFO Metrics reporters closed (org.apache.kafka.common.metrics.Metrics)
[2021-04-04 22:12:53,692] INFO Broker and topic stats closed (kafka.server.BrokerTopicStats)
[2021-04-04 22:12:53,692] INFO App info kafka.server for 0 unregistered (org.apache.kafka.common.utils.AppInfoParser)
[2021-04-04 22:12:53,693] INFO [KafkaServer id=0] shut down completed (kafka.server.KafkaServer)
